2021-12-18 at 16:05:55 CST INFO  org.springframework.boot.StartupInfoLogger 55 logStarting - Starting shoppingApplicationMain using Java 1.8.0_292 on VINCENTPC with PID 18748 (I:\Java\Projects\2020\shopping\target\classes started by vincentEnxy in I:\Java\Projects\2020\shopping)
2021-12-18 at 16:05:55 CST INFO  org.springframework.boot.SpringApplication 659 logStartupProfileInfo - No active profile set, falling back to default profiles: default
2021-12-18 at 16:05:55 CST INFO  org.springframework.boot.logging.DeferredLog 255 logTo - Devtools property defaults active! Set 'spring.devtools.add-properties' to 'false' to disable
2021-12-18 at 16:05:55 CST INFO  org.springframework.boot.logging.DeferredLog 255 logTo - For additional web related logging consider setting the 'logging.level.web' property to 'DEBUG'
2021-12-18 at 16:05:56 CST INFO  org.springframework.boot.web.embedded.tomcat.TomcatWebServer 108 initialize - Tomcat initialized with port(s): 8801 (http)
2021-12-18 at 16:05:56 CST INFO  org.apache.juli.logging.DirectJDKLog 173 log - Initializing ProtocolHandler ["http-nio-8801"]
2021-12-18 at 16:05:56 CST INFO  org.apache.juli.logging.DirectJDKLog 173 log - Starting service [Tomcat]
2021-12-18 at 16:05:56 CST INFO  org.apache.juli.logging.DirectJDKLog 173 log - Starting Servlet engine: [Apache Tomcat/9.0.39]
2021-12-18 at 16:05:56 CST INFO  org.apache.juli.logging.DirectJDKLog 173 log - Initializing Spring embedded WebApplicationContext
2021-12-18 at 16:05:56 CST INFO  org.springframework.boot.web.servlet.context.ServletWebServerApplicationContext 290 prepareWebApplicationContext - Root WebApplicationContext: initialization completed in 649 ms
2021-12-18 at 16:05:56 CST INFO  com.alibaba.druid.spring.boot.autoconfigure.DruidDataSourceAutoConfigure 56 dataSource - Init DruidDataSource
2021-12-18 at 16:05:56 CST INFO  com.alibaba.druid.pool.DruidDataSource 985 init - {dataSource-1} inited
2021-12-18 at 16:05:56 CST INFO  org.springframework.scheduling.concurrent.ExecutorConfigurationSupport 181 initialize - Initializing ExecutorService 'applicationTaskExecutor'
2021-12-18 at 16:05:56 CST INFO  org.springframework.boot.devtools.autoconfigure.OptionalLiveReloadServer 58 startServer - LiveReload server is running on port 35729
2021-12-18 at 16:05:56 CST INFO  org.apache.juli.logging.DirectJDKLog 173 log - Starting ProtocolHandler ["http-nio-8801"]
2021-12-18 at 16:05:56 CST INFO  org.springframework.boot.web.embedded.tomcat.TomcatWebServer 220 start - Tomcat started on port(s): 8801 (http) with context path ''
2021-12-18 at 16:05:56 CST INFO  org.springframework.boot.StartupInfoLogger 61 logStarted - Started shoppingApplicationMain in 1.563 seconds (JVM running for 2.342)
2021-12-18 at 16:06:15 CST INFO  org.apache.juli.logging.DirectJDKLog 173 log - Initializing Spring DispatcherServlet 'dispatcherServlet'
2021-12-18 at 16:06:15 CST INFO  org.springframework.web.servlet.FrameworkServlet 525 initServletBean - Initializing Servlet 'dispatcherServlet'
2021-12-18 at 16:06:15 CST INFO  org.springframework.web.servlet.FrameworkServlet 547 initServletBean - Completed initialization in 1 ms
2021-12-18 at 16:06:16 CST INFO  com.wx.shop.controller.index.Cont01001001 37 getCategoriesInfo - info日志
2021-12-18 at 16:06:16 CST INFO  com.wx.shop.controller.index.Cont01001001 38 getCategoriesInfo - warn日志
2021-12-18 at 16:06:16 CST INFO  com.wx.shop.controller.index.Cont01001001 39 getCategoriesInfo - debug日志
2021-12-18 at 16:06:16 CST INFO  com.wx.shop.controller.index.Cont01001001 40 getCategoriesInfo - error日志
2021-12-18 at 16:06:16 CST INFO  com.wx.shop.controller.index.Cont01001001 45 getCategoriesInfo - ======>{"retCode":"0000"}
2021-12-18 at 16:06:58 CST INFO  org.springframework.boot.StartupInfoLogger 55 logStarting - Starting shoppingApplicationMain using Java 1.8.0_292 on VINCENTPC with PID 21180 (I:\Java\Projects\2020\shopping\target\classes started by vincentEnxy in I:\Java\Projects\2020\shopping)
2021-12-18 at 16:06:58 CST INFO  org.springframework.boot.SpringApplication 659 logStartupProfileInfo - No active profile set, falling back to default profiles: default
2021-12-18 at 16:06:58 CST INFO  org.springframework.boot.logging.DeferredLog 255 logTo - Devtools property defaults active! Set 'spring.devtools.add-properties' to 'false' to disable
2021-12-18 at 16:06:58 CST INFO  org.springframework.boot.logging.DeferredLog 255 logTo - For additional web related logging consider setting the 'logging.level.web' property to 'DEBUG'
2021-12-18 at 16:06:58 CST INFO  org.springframework.boot.web.embedded.tomcat.TomcatWebServer 108 initialize - Tomcat initialized with port(s): 8801 (http)
2021-12-18 at 16:06:58 CST INFO  org.apache.juli.logging.DirectJDKLog 173 log - Initializing ProtocolHandler ["http-nio-8801"]
2021-12-18 at 16:06:58 CST INFO  org.apache.juli.logging.DirectJDKLog 173 log - Starting service [Tomcat]
2021-12-18 at 16:06:58 CST INFO  org.apache.juli.logging.DirectJDKLog 173 log - Starting Servlet engine: [Apache Tomcat/9.0.39]
2021-12-18 at 16:06:58 CST INFO  org.apache.juli.logging.DirectJDKLog 173 log - Initializing Spring embedded WebApplicationContext
2021-12-18 at 16:06:58 CST INFO  org.springframework.boot.web.servlet.context.ServletWebServerApplicationContext 290 prepareWebApplicationContext - Root WebApplicationContext: initialization completed in 595 ms
2021-12-18 at 16:06:58 CST INFO  com.alibaba.druid.spring.boot.autoconfigure.DruidDataSourceAutoConfigure 56 dataSource - Init DruidDataSource
2021-12-18 at 16:06:58 CST INFO  com.alibaba.druid.pool.DruidDataSource 985 init - {dataSource-1} inited
2021-12-18 at 16:06:59 CST INFO  org.springframework.scheduling.concurrent.ExecutorConfigurationSupport 181 initialize - Initializing ExecutorService 'applicationTaskExecutor'
2021-12-18 at 16:06:59 CST INFO  org.springframework.boot.devtools.autoconfigure.OptionalLiveReloadServer 58 startServer - LiveReload server is running on port 35729
2021-12-18 at 16:06:59 CST INFO  org.apache.juli.logging.DirectJDKLog 173 log - Starting ProtocolHandler ["http-nio-8801"]
2021-12-18 at 16:06:59 CST INFO  org.springframework.boot.web.embedded.tomcat.TomcatWebServer 220 start - Tomcat started on port(s): 8801 (http) with context path ''
2021-12-18 at 16:06:59 CST INFO  org.springframework.boot.StartupInfoLogger 61 logStarted - Started shoppingApplicationMain in 1.489 seconds (JVM running for 2.215)
2021-12-18 at 16:07:02 CST INFO  org.apache.juli.logging.DirectJDKLog 173 log - Initializing Spring DispatcherServlet 'dispatcherServlet'
2021-12-18 at 16:07:02 CST INFO  org.springframework.web.servlet.FrameworkServlet 525 initServletBean - Initializing Servlet 'dispatcherServlet'
2021-12-18 at 16:07:02 CST INFO  org.springframework.web.servlet.FrameworkServlet 547 initServletBean - Completed initialization in 1 ms
2021-12-18 at 16:07:02 CST INFO  com.wx.shop.controller.index.Cont01001001 37 getCategoriesInfo - info日志
2021-12-18 at 16:07:02 CST INFO  com.wx.shop.controller.index.Cont01001001 38 getCategoriesInfo - warn日志
2021-12-18 at 16:07:02 CST INFO  com.wx.shop.controller.index.Cont01001001 39 getCategoriesInfo - debug日志
2021-12-18 at 16:07:02 CST INFO  com.wx.shop.controller.index.Cont01001001 40 getCategoriesInfo - error日志
2021-12-18 at 16:07:02 CST INFO  com.wx.shop.controller.index.Cont01001001 45 getCategoriesInfo - ======>{"retCode":"0000"}
2021-12-18 at 17:01:17 CST INFO  org.springframework.boot.StartupInfoLogger 55 logStarting - Starting shoppingApplicationMain using Java 1.8.0_292 on VINCENTPC with PID 19292 (I:\Java\Projects\2020\shopping\target\classes started by vincentEnxy in I:\Java\Projects\2020\shopping)
2021-12-18 at 17:01:17 CST INFO  org.springframework.boot.SpringApplication 659 logStartupProfileInfo - No active profile set, falling back to default profiles: default
2021-12-18 at 17:01:17 CST INFO  org.springframework.boot.logging.DeferredLog 255 logTo - Devtools property defaults active! Set 'spring.devtools.add-properties' to 'false' to disable
2021-12-18 at 17:01:17 CST INFO  org.springframework.boot.logging.DeferredLog 255 logTo - For additional web related logging consider setting the 'logging.level.web' property to 'DEBUG'
2021-12-18 at 17:01:17 CST INFO  org.springframework.boot.web.embedded.tomcat.TomcatWebServer 108 initialize - Tomcat initialized with port(s): 8801 (http)
2021-12-18 at 17:01:17 CST INFO  org.apache.juli.logging.DirectJDKLog 173 log - Initializing ProtocolHandler ["http-nio-8801"]
2021-12-18 at 17:01:17 CST INFO  org.apache.juli.logging.DirectJDKLog 173 log - Starting service [Tomcat]
2021-12-18 at 17:01:17 CST INFO  org.apache.juli.logging.DirectJDKLog 173 log - Starting Servlet engine: [Apache Tomcat/9.0.39]
2021-12-18 at 17:01:17 CST INFO  org.apache.juli.logging.DirectJDKLog 173 log - Initializing Spring embedded WebApplicationContext
2021-12-18 at 17:01:17 CST INFO  org.springframework.boot.web.servlet.context.ServletWebServerApplicationContext 290 prepareWebApplicationContext - Root WebApplicationContext: initialization completed in 595 ms
2021-12-18 at 17:01:17 CST INFO  com.alibaba.druid.spring.boot.autoconfigure.DruidDataSourceAutoConfigure 56 dataSource - Init DruidDataSource
2021-12-18 at 17:01:18 CST INFO  com.alibaba.druid.pool.DruidDataSource 985 init - {dataSource-1} inited
2021-12-18 at 17:01:18 CST INFO  org.springframework.scheduling.concurrent.ExecutorConfigurationSupport 181 initialize - Initializing ExecutorService 'applicationTaskExecutor'
2021-12-18 at 17:01:18 CST INFO  org.springframework.boot.devtools.autoconfigure.OptionalLiveReloadServer 58 startServer - LiveReload server is running on port 35729
2021-12-18 at 17:01:18 CST INFO  org.apache.juli.logging.DirectJDKLog 173 log - Starting ProtocolHandler ["http-nio-8801"]
2021-12-18 at 17:01:18 CST INFO  org.springframework.boot.web.embedded.tomcat.TomcatWebServer 220 start - Tomcat started on port(s): 8801 (http) with context path ''
2021-12-18 at 17:01:18 CST INFO  org.springframework.boot.StartupInfoLogger 61 logStarted - Started shoppingApplicationMain in 1.386 seconds (JVM running for 2.178)
2021-12-18 at 17:01:40 CST INFO  org.apache.juli.logging.DirectJDKLog 173 log - Initializing Spring DispatcherServlet 'dispatcherServlet'
2021-12-18 at 17:01:40 CST INFO  org.springframework.web.servlet.FrameworkServlet 525 initServletBean - Initializing Servlet 'dispatcherServlet'
2021-12-18 at 17:01:40 CST INFO  org.springframework.web.servlet.FrameworkServlet 547 initServletBean - Completed initialization in 1 ms
2021-12-18 at 17:01:40 CST INFO  com.wx.shop.controller.index.Cont01001001 37 getCategoriesInfo - info日志
2021-12-18 at 17:01:40 CST WARN  com.wx.shop.controller.index.Cont01001001 38 getCategoriesInfo - warn日志
2021-12-18 at 17:01:40 CST ERROR com.wx.shop.controller.index.Cont01001001 40 getCategoriesInfo - error日志
2021-12-18 at 17:01:40 CST INFO  com.wx.shop.controller.index.Cont01001001 45 getCategoriesInfo - ======>{"retCode":"0000"}
